<component name="libraryTable">
  <library name="junit-4.7">
    <CLASSES>
      <root url="jar://$PROJECT_DIR$/Assignments/aima-java-read-only/aima-core/lib/junit/junit-4.7.jar!/" />
    </CLASSES>
    <JAVADOC />
    <SOURCES />
  </library>
</component>